[0.000000] (-) TimerEvent: {}
[0.001266] (self_driving) JobQueued: {'identifier': 'self_driving', 'dependencies': OrderedDict()}
[0.001490] (self_driving) JobStarted: {'identifier': 'self_driving'}
[0.097970] (-) TimerEvent: {}
[0.198619] (-) TimerEvent: {}
[0.299331] (-) TimerEvent: {}
[0.400061] (-) TimerEvent: {}
[0.500697] (-) TimerEvent: {}
[0.601350] (-) TimerEvent: {}
[0.701983] (-) TimerEvent: {}
[0.802581] (-) TimerEvent: {}
[0.903309] (-) TimerEvent: {}
[1.003912] (-) TimerEvent: {}
[1.104513] (-) TimerEvent: {}
[1.205259] (-) TimerEvent: {}
[1.306551] (-) TimerEvent: {}
[1.407233] (-) TimerEvent: {}
[1.507885] (-) TimerEvent: {}
[1.608837] (-) TimerEvent: {}
[1.709440] (-) TimerEvent: {}
[1.802268] (self_driving) StderrLine: {'line': b'Traceback (most recent call last):\n  File "/usr/lib/python3/dist-packages/colcon_parallel_executor/executor/parallel.py", line 75, in execute\n    loop.run_until_complete(future)\n  File "/usr/lib/python3.10/asyncio/base_events.py", line 636, in run_until_complete\n    self.run_forever()\n  File "/usr/lib/python3.10/asyncio/base_events.py", line 603, in run_forever\n    self._run_once()\n  File "/usr/lib/python3.10/asyncio/base_events.py", line 1871, in _run_once\n    event_list = self._selector.select(timeout)\n  File "/usr/lib/python3.10/selectors.py", line 469, in select\n    fd_event_list = self._selector.poll(timeout, max_ev)\nKeyboardInterrupt\n\nDuring handling of the above exception, another exception occurred:\n\nTraceback (most recent call last):\n  File "/usr/lib/python3/dist-packages/colcon_core/executor/__init__.py", line 91, in __call__\n    rc = await self.task(*args, **kwargs)\n  File "/usr/lib/python3/dist-packages/colcon_core/task/__init__.py", line 93, in __call__\n    return await task_method(*args, **kwargs)\n  File "/usr/lib/python3/dist-packages/colcon_ros/task/ament_python/build.py", line 102, in build\n    return await extension.build(additional_hooks=additional_hooks)\n  File "/usr/lib/python3/dist-packages/colcon_core/task/python/build.py", line 90, in build\n    available_commands = await self._get_available_commands(\n  File "/usr/lib/python3/dist-packages/colcon_core/task/python/build.py", line 188, in _get_available_commands\n    output = await check_output(\n  File "/usr/lib/python3/dist-packages/colcon_core/subprocess.py", line 129, in check_output\n    assert not rc, f\'Expected {args} to pass: {stderr_data}\'\nAssertionError: Expected [\'/usr/bin/python3\', \'-W\', \'ignore:setup.py install is deprecated\', \'setup.py\', \'--help-commands\'] to pass: Traceback (most recent call last):\n  File "/home/an/ros2_ws/src/self_driving/setup.py", line 1, in <module>\n    from setuptools import find_packages, setup\n  File "/usr/lib/python3/dist-packages/setuptools/__init__.py", line 16, in <module>\n    import setuptools.version\n  File "/usr/lib/python3/dist-packages/setuptools/version.py", line 1, in <module>\n    import pkg_resources\n  File "/usr/lib/python3/dist-packages/pkg_resources/__init__.py", line 78, in <module>\n    __import__(\'pkg_resources.extern.packaging.requirements\')\n  File "/usr/lib/python3/dist-packages/pkg_resources/_vendor/packaging/requirements.py", line 10, in <module>\n    from pkg_resources.extern.pyparsing import (  # noqa\n  File "<frozen importlib._bootstrap>", line 1027, in _find_and_load\n  File "<frozen importlib._bootstrap>", line 1006, in _find_and_load_unlocked\n  File "<frozen importlib._bootstrap>", line 674, in _load_unlocked\n  File "<frozen importlib._bootstrap>", line 571, in module_from_spec\n  File "/usr/lib/python3/dist-packages/pkg_resources/extern/__init__.py", line 52, in create_module\n    return self.load_module(spec.name)\n  File "/usr/lib/python3/dist-packages/pkg_resources/extern/__init__.py", line 37, in load_module\n    __import__(extant)\n  File "/usr/lib/python3/dist-packages/pkg_resources/_vendor/pyparsing.py", line 5399, in <module>\n    class pyparsing_common:\n  File "/usr/lib/python3/dist-packages/pkg_resources/_vendor/pyparsing.py", line 5578, in pyparsing_common\n    ipv4_address = Regex(r\'(25[0-5]|2[0-4][0-9]|1?[0-9]{1,2})(\\.(25[0-5]|2[0-4][0-9]|1?[0-9]{1,2})){3}\').setName("IPv4 address")\n  File "/usr/lib/python3/dist-packages/pkg_resources/_vendor/pyparsing.py", line 2792, in __init__\n    self.re = re.compile(self.pattern, self.flags)\n  File "/usr/lib/python3.10/re.py", line 251, in compile\n    return _compile(pattern, flags)\n  File "/usr/lib/python3.10/re.py", line 303, in _compile\n    p = sre_compile.compile(pattern, flags)\n  File "/usr/lib/python3.10/sre_compile.py", line 792, in compile\n    code = _code(p, flags)\n  File "/usr/lib/python3.10/sre_compile.py", line 631, in _code\n    _compile(code, p.data, flags)\n  File "/usr/lib/python3.10/sre_compile.py", line 172, in _compile\n    _compile(code, av[2], flags)\n  File "/usr/lib/python3.10/sre_compile.py", line 184, in _compile\n    _compile(code, p, _combine_flags(flags, add_flags, del_flags))\n  File "/usr/lib/python3.10/sre_compile.py", line 184, in _compile\n    _compile(code, p, _combine_flags(flags, add_flags, del_flags))\n  File "/usr/lib/python3.10/sre_compile.py", line 87, in _compile\n    def _compile(code, pattern, flags):\nKeyboardInterrupt\n\n'}
[1.804452] (self_driving) JobEnded: {'identifier': 'self_driving', 'rc': 'SIGINT'}
[1.809589] (-) TimerEvent: {}
[1.813751] (-) EventReactorShutdown: {}
