[1.132s] Invoking command in '/home/an/ros2_ws/build/ld08_driver': CMAKE_PREFIX_PATH=${CMAKE_PREFIX_PATH}:/home/an/ros2_ws/install/vel_driver:/home/an/ros2_ws/install/test_pkg:/home/an/ros2_ws/install/self_driving:/opt/ros/humble /usr/bin/cmake /home/an/ros2_ws/src/ldlidar_ros2/src/ld08_driver -DCMAKE_INSTALL_PREFIX=/home/an/ros2_ws/install/ld08_driver
[1.794s] -- The C compiler identification is GNU 11.4.0
[2.052s] -- The CXX compiler identification is GNU 11.4.0
[2.095s] -- Detecting C compiler ABI info
[2.468s] -- Detecting C compiler ABI info - done
[2.499s] -- Check for working C compiler: /usr/bin/cc - skipped
[2.504s] -- Detecting C compile features
[2.509s] -- Detecting C compile features - done
[2.531s] -- Detecting CXX compiler ABI info
[3.017s] -- Detecting CXX compiler ABI info - done
[3.048s] -- Check for working CXX compiler: /usr/bin/c++ - skipped
[3.051s] -- Detecting CXX compile features
[3.055s] -- Detecting CXX compile features - done
[3.183s] -- Found ament_cmake: 1.3.8 (/opt/ros/humble/share/ament_cmake/cmake)
[4.198s] -- Found Python3: /usr/bin/python3 (found version "3.10.12") found components: Interpreter 
[5.181s] -- Found rclcpp: 16.0.8 (/opt/ros/humble/share/rclcpp/cmake)
[5.678s] -- Found rosidl_generator_c: 3.1.5 (/opt/ros/humble/share/rosidl_generator_c/cmake)
[5.744s] -- Found rosidl_adapter: 3.1.5 (/opt/ros/humble/share/rosidl_adapter/cmake)
[5.839s] -- Found rosidl_generator_cpp: 3.1.5 (/opt/ros/humble/share/rosidl_generator_cpp/cmake)
[5.977s] -- Using all available rosidl_typesupport_c: rosidl_typesupport_fastrtps_c;rosidl_typesupport_introspection_c
[6.248s] -- Using all available rosidl_typesupport_cpp: rosidl_typesupport_fastrtps_cpp;rosidl_typesupport_introspection_cpp
[6.977s] -- Found rmw_implementation_cmake: 6.1.1 (/opt/ros/humble/share/rmw_implementation_cmake/cmake)
[7.017s] -- Found rmw_fastrtps_cpp: 6.2.6 (/opt/ros/humble/share/rmw_fastrtps_cpp/cmake)
[7.743s] -- Found OpenSSL: /usr/lib/aarch64-linux-gnu/libcrypto.so (found version "3.0.2")  
[7.938s] -- Found FastRTPS: /opt/ros/humble/include  
[8.276s] -- Using RMW implementation 'rmw_fastrtps_cpp' as default
[8.428s] -- Looking for pthread.h
[8.850s] -- Looking for pthread.h - found
[8.852s] -- Performing Test CMAKE_HAVE_LIBC_PTHREAD
[9.253s] -- Performing Test CMAKE_HAVE_LIBC_PTHREAD - Success
[9.255s] -- Found Threads: TRUE  
[10.113s] -- Found sensor_msgs: 4.2.3 (/opt/ros/humble/share/sensor_msgs/cmake)
[10.787s] -- Found Boost: /usr/lib/aarch64-linux-gnu/cmake/Boost-1.74.0/BoostConfig.cmake (found version "1.74.0") found components: system 
[10.816s] -- Found ament_lint_auto: 0.12.10 (/opt/ros/humble/share/ament_lint_auto/cmake)
[11.167s] -- Configuring done
[11.227s] -- Generating done
[11.234s] -- Build files have been written to: /home/an/ros2_ws/build/ld08_driver
[11.267s] Invoked command in '/home/an/ros2_ws/build/ld08_driver' returned '0': CMAKE_PREFIX_PATH=${CMAKE_PREFIX_PATH}:/home/an/ros2_ws/install/vel_driver:/home/an/ros2_ws/install/test_pkg:/home/an/ros2_ws/install/self_driving:/opt/ros/humble /usr/bin/cmake /home/an/ros2_ws/src/ldlidar_ros2/src/ld08_driver -DCMAKE_INSTALL_PREFIX=/home/an/ros2_ws/install/ld08_driver
[11.275s] Invoking command in '/home/an/ros2_ws/build/ld08_driver': CMAKE_PREFIX_PATH=${CMAKE_PREFIX_PATH}:/home/an/ros2_ws/install/vel_driver:/home/an/ros2_ws/install/test_pkg:/home/an/ros2_ws/install/self_driving:/opt/ros/humble /usr/bin/cmake --build /home/an/ros2_ws/build/ld08_driver -- -j4 -l4
[11.477s] [ 16%] [32mBuilding CXX object CMakeFiles/ld08_driver.dir/src/cmd_interface_linux.cpp.o[0m
[11.479s] [ 33%] [32mBuilding CXX object CMakeFiles/ld08_driver.dir/src/lipkg.cpp.o[0m
[11.488s] [ 50%] [32mBuilding CXX object CMakeFiles/ld08_driver.dir/src/main.cpp.o[0m
[11.508s] [ 66%] [32mBuilding CXX object CMakeFiles/ld08_driver.dir/src/slbf.cpp.o[0m
[12.305s] [01m[K/home/an/ros2_ws/src/ldlidar_ros2/src/ld08_driver/src/cmd_interface_linux.cpp:19:10:[m[K [01;31m[Kfatal error: [m[Klibudev.h: No such file or directory
[12.306s]    19 | #include [01;31m[K<libudev.h>[m[K
[12.306s]       |          [01;31m[K^~~~~~~~~~~[m[K
[12.307s] compilation terminated.
[12.316s] gmake[2]: *** [CMakeFiles/ld08_driver.dir/build.make:76: CMakeFiles/ld08_driver.dir/src/cmd_interface_linux.cpp.o] Error 1
[12.317s] gmake[2]: *** Waiting for unfinished jobs....
[31.515s] gmake[1]: *** [CMakeFiles/Makefile2:137: CMakeFiles/ld08_driver.dir/all] Error 2
[31.516s] gmake: *** [Makefile:146: all] Error 2
[31.522s] Invoked command in '/home/an/ros2_ws/build/ld08_driver' returned '2': CMAKE_PREFIX_PATH=${CMAKE_PREFIX_PATH}:/home/an/ros2_ws/install/vel_driver:/home/an/ros2_ws/install/test_pkg:/home/an/ros2_ws/install/self_driving:/opt/ros/humble /usr/bin/cmake --build /home/an/ros2_ws/build/ld08_driver -- -j4 -l4
